DEBUG: 2021-02-08 08:36:53 - Starting new HTTP connection (1): www1.caixa.gov.br:80
DEBUG: 2021-02-08 08:36:53 - http://www1.caixa.gov.br:80 "GET /loterias/_arquivos/loterias/D_megase.zip HTTP/1.1" 302 0
DEBUG: 2021-02-08 08:36:53 - Resetting dropped connection: www1.caixa.gov.br
DEBUG: 2021-02-08 08:36:53 - http://www1.caixa.gov.br:80 "GET /loterias/_arquivos/loterias/D_megase.zip HTTP/1.1" 200 None
DEBUG: 2021-02-08 08:36:53 - megasena file downloaded successfully!
DEBUG: 2021-02-08 08:36:53 - megasena file successfully extracted!
DEBUG: 2021-02-08 08:36:53 - megasena.zip file successfully removed!
DEBUG: 2021-02-08 08:36:53 - Reading d_mega.htm file...
DEBUG: 2021-02-08 08:36:54 - Getting data d_mega file...
DEBUG: 2021-02-08 08:36:55 - Created nao_tratado.csv file success! - Check in the folder swamp/megasena/2021-02-08
DEBUG: 2021-02-08 08:36:55 - Searching swamp/megasena/2021-02-08/nao_tratado.csv...
DEBUG: 2021-02-08 08:36:55 - nao_tratado.csv file found!
DEBUG: 2021-02-08 08:36:55 - Getting data nao_tratado.csv...
DEBUG: 2021-02-08 08:36:55 - Created tratado.csv file success! - Check in the folder lake/megasena/2021-02-08
DEBUG: 2021-02-08 08:36:55 - Successfully created megasena file!
DEBUG: 2021-02-08 08:36:55 - Reading lake/megasena/2021-02-08/tratado.csv file...
ERROR: 2021-02-08 08:36:55 - {'writeErrors': [{'index': 189, 'code': 11000, 'keyPattern': {'_id': 1}, 'keyValue': {'_id': '31302f31302f2d6361697861'}, 'errmsg': 'E11000 duplicate key error collection: lotteries_caixa.megasena index: _id_ dup key: { _id: "31302f31302f2d6361697861" }', 'op': {'Concurso': 188, 'Data Sorteio': '10/10/1999', '1ª Dezena': 34, '2ª Dezena': 42, '3ª Dezena': 43, '4ª Dezena': 46, '5ª Dezena': 27, '6ª Dezena': 17, 'Arrecadacao_Total': '000', 'Ganhadores_Sena': 1, 'Cidade': ' ', 'UF': ' ', 'Rateio_Sena': '64.905.51765', 'Ganhadores_Quina': 1200, 'Rateio_Quina': 11.51711, 'Ganhadores_Quadra': 90235, 'Rateio_Quadra': 15258.0, 'Acumulado': 'NÃO', 'Valor_Acumulado': '000', 'Estimativa_Prêmio': '000', 'Acumulado_Mega_da_Virada': '000', '_id': '31302f31302f2d6361697861'}}], 'writeConcernErrors': [], 'nInserted': 189, 'nUpserted': 0, 'nMatched': 0, 'nModified': 0, 'nRemoved': 0, 'upserted': []}
DEBUG: 2021-02-08 08:36:56 - Starting new HTTP connection (1): www1.caixa.gov.br:80
DEBUG: 2021-02-08 08:36:56 - http://www1.caixa.gov.br:80 "GET /loterias/_arquivos/loterias/D_lotfac.zip HTTP/1.1" 302 0
DEBUG: 2021-02-08 08:36:56 - Resetting dropped connection: www1.caixa.gov.br
DEBUG: 2021-02-08 08:36:56 - http://www1.caixa.gov.br:80 "GET /loterias/_arquivos/loterias/D_lotfac.zip HTTP/1.1" 200 None
DEBUG: 2021-02-08 08:36:57 - lotofacil file downloaded successfully!
DEBUG: 2021-02-08 08:36:57 - lotofacil file successfully extracted!
DEBUG: 2021-02-08 08:36:57 - lotofacil.zip file successfully removed!
DEBUG: 2021-02-08 08:36:57 - Reading d_lotfac.htm file...
DEBUG: 2021-02-08 08:36:59 - Getting data d_lotfac file...
DEBUG: 2021-02-08 08:36:59 - Created nao_tratado.csv file success! - Check in the folder swamp/lotofacil/2021-02-08
DEBUG: 2021-02-08 08:36:59 - Searching swamp/lotofacil/2021-02-08/nao_tratado.csv...
DEBUG: 2021-02-08 08:36:59 - nao_tratado.csv file found!
DEBUG: 2021-02-08 08:36:59 - Getting data nao_tratado.csv...
DEBUG: 2021-02-08 08:36:59 - Created tratado.csv file success! - Check in the folder lake/lotofacil/2021-02-08
DEBUG: 2021-02-08 08:36:59 - Successfully created lotofacil file!
DEBUG: 2021-02-08 08:36:59 - Reading lake/lotofacil/2021-02-08/tratado.csv file...
ERROR: 2021-02-08 08:37:00 - {'writeErrors': [{'index': 3, 'code': 11000, 'keyPattern': {'_id': 1}, 'keyValue': {'_id': '53502d32392f30392f2d6964'}, 'errmsg': 'E11000 duplicate key error collection: lotteries_caixa.lotofacil index: _id_ dup key: { _id: "53502d32392f30392f2d6964" }', 'op': {'Concurso': 1, 'Data Sorteio': '29/09/2003', 'Bola1': 18, 'Bola2': 20, 'Bola3': 25, 'Bola4': 23, 'Bola5': 10, 'Bola6': 11, 'Bola7': 24, 'Bola8': 14, 'Bola9': 6, 'Bola10': 2, 'Bola11': 13, 'Bola12': 9, 'Bola13': 5, 'Bola14': 16, 'Bola15': 3, 'Arrecadacao_Total': '000', 'Ganhadores_15_Números': 5, 'Cidade': nan, 'UF': 'SP', 'Ganhadores_14_Números': 154, 'Ganhadores_13_Números': 4645, 'Ganhadores_12_Números': 48807, 'Ganhadores_11_Números': 257593, 'Valor_Rateio_15_Números': '49.76582', 'Valor_Rateio_14_Números': 68984.0, 'Valor_Rateio_13_Números': 1000, 'Valor_Rateio_12_Números': 400, 'Valor_Rateio_11_Números': 200, 'Acumulado_15_Números': '000', 'Estimativa_Premio': '000', 'Valor_Acumulado_Especial': '000', '_id': '53502d32392f30392f2d6964'}}], 'writeConcernErrors': [], 'nInserted': 3, 'nUpserted': 0, 'nMatched': 0, 'nModified': 0, 'nRemoved': 0, 'upserted': []}
DEBUG: 2021-02-08 08:37:01 - Starting new HTTP connection (1): www1.caixa.gov.br:80
DEBUG: 2021-02-08 08:37:01 - http://www1.caixa.gov.br:80 "GET /loterias/_arquivos/loterias/D_quina.zip HTTP/1.1" 302 0
DEBUG: 2021-02-08 08:37:01 - Resetting dropped connection: www1.caixa.gov.br
DEBUG: 2021-02-08 08:37:01 - http://www1.caixa.gov.br:80 "GET /loterias/_arquivos/loterias/D_quina.zip HTTP/1.1" 200 None
DEBUG: 2021-02-08 08:37:01 - quina file downloaded successfully!
DEBUG: 2021-02-08 08:37:01 - quina file successfully extracted!
DEBUG: 2021-02-08 08:37:01 - quina.zip file successfully removed!
DEBUG: 2021-02-08 08:37:01 - Reading d_quina.htm file...
DEBUG: 2021-02-08 08:37:04 - Getting data d_quina file...
DEBUG: 2021-02-08 08:37:04 - Created nao_tratado.csv file success! - Check in the folder swamp/quina/2021-02-08
DEBUG: 2021-02-08 08:37:04 - Searching swamp/quina/2021-02-08/nao_tratado.csv...
DEBUG: 2021-02-08 08:37:04 - nao_tratado.csv file found!
DEBUG: 2021-02-08 08:37:04 - Getting data nao_tratado.csv...
DEBUG: 2021-02-08 08:37:05 - Created tratado.csv file success! - Check in the folder lake/quina/2021-02-08
DEBUG: 2021-02-08 08:37:05 - Successfully created quina file!
DEBUG: 2021-02-08 08:37:05 - Reading lake/quina/2021-02-08/tratado.csv file...
ERROR: 2021-02-08 08:37:06 - {'writeErrors': [{'index': 43, 'code': 11000, 'keyPattern': {'_id': 1}, 'keyValue': {'_id': '524a2d31342f30382f2d6964'}, 'errmsg': 'E11000 duplicate key error collection: lotteries_caixa.quina index: _id_ dup key: { _id: "524a2d31342f30382f2d6964" }', 'op': {'Concurso': 41, 'Data Sorteio': '14/08/1994', '1ª Dezena': 5, '2ª Dezena': 14, '3ª Dezena': 31, '4ª Dezena': 41, '5ª Dezena': 49, 'Arrecadacao_Total': '000', 'Ganhadores_Quina': 5, 'Cidade': nan, 'UF': 'RJ', 'Rateio_Quina': '40.00893', 'Ganhadores_Quadra': 292, 'Rateio_Quadra': '68509', 'Ganhadores_Terno': 10350, 'Rateio_Terno': 2571.0, 'Ganhadores_Duque': 0, 'Rateio_Duque': 0, 'Acumulado': 'NÃO', 'Valor_Acumulado': '000', 'Estimativa_Premio': '200.00000', 'Valor_Acumulado_Sorteio_Especial_São_João': '000', '_id': '524a2d31342f30382f2d6964'}}], 'writeConcernErrors': [], 'nInserted': 43, 'nUpserted': 0, 'nMatched': 0, 'nModified': 0, 'nRemoved': 0, 'upserted': []}
DEBUG: 2021-02-08 08:42:04 - Starting new HTTP connection (1): www1.caixa.gov.br:80
DEBUG: 2021-02-08 08:42:04 - http://www1.caixa.gov.br:80 "GET /loterias/_arquivos/loterias/D_megase.zip HTTP/1.1" 302 0
DEBUG: 2021-02-08 08:42:04 - Resetting dropped connection: www1.caixa.gov.br
DEBUG: 2021-02-08 08:42:04 - http://www1.caixa.gov.br:80 "GET /loterias/_arquivos/loterias/D_megase.zip HTTP/1.1" 200 None
DEBUG: 2021-02-08 08:42:05 - megasena file downloaded successfully!
DEBUG: 2021-02-08 08:42:05 - megasena file successfully extracted!
DEBUG: 2021-02-08 08:42:05 - megasena.zip file successfully removed!
DEBUG: 2021-02-08 08:42:05 - Reading d_mega.htm file...
DEBUG: 2021-02-08 08:42:06 - Getting data d_mega file...
DEBUG: 2021-02-08 08:42:06 - Created nao_tratado.csv file success! - Check in the folder swamp/megasena/2021-02-08
DEBUG: 2021-02-08 08:42:06 - Searching swamp/megasena/2021-02-08/nao_tratado.csv...
DEBUG: 2021-02-08 08:42:06 - nao_tratado.csv file found!
DEBUG: 2021-02-08 08:42:06 - Getting data nao_tratado.csv...
DEBUG: 2021-02-08 08:42:06 - Created tratado.csv file success! - Check in the folder lake/megasena/2021-02-08
DEBUG: 2021-02-08 08:42:06 - Successfully created megasena file!
DEBUG: 2021-02-08 08:42:06 - Reading lake/megasena/2021-02-08/tratado.csv file...
DEBUG: 2021-02-08 08:42:08 - Starting new HTTP connection (1): www1.caixa.gov.br:80
DEBUG: 2021-02-08 08:42:08 - http://www1.caixa.gov.br:80 "GET /loterias/_arquivos/loterias/D_lotfac.zip HTTP/1.1" 302 0
DEBUG: 2021-02-08 08:42:08 - Resetting dropped connection: www1.caixa.gov.br
DEBUG: 2021-02-08 08:42:08 - http://www1.caixa.gov.br:80 "GET /loterias/_arquivos/loterias/D_lotfac.zip HTTP/1.1" 200 None
DEBUG: 2021-02-08 08:42:08 - lotofacil file downloaded successfully!
DEBUG: 2021-02-08 08:42:08 - lotofacil file successfully extracted!
DEBUG: 2021-02-08 08:42:08 - lotofacil.zip file successfully removed!
DEBUG: 2021-02-08 08:42:08 - Reading d_lotfac.htm file...
DEBUG: 2021-02-08 08:42:10 - Getting data d_lotfac file...
DEBUG: 2021-02-08 08:42:10 - Created nao_tratado.csv file success! - Check in the folder swamp/lotofacil/2021-02-08
DEBUG: 2021-02-08 08:42:10 - Searching swamp/lotofacil/2021-02-08/nao_tratado.csv...
DEBUG: 2021-02-08 08:42:10 - nao_tratado.csv file found!
DEBUG: 2021-02-08 08:42:10 - Getting data nao_tratado.csv...
DEBUG: 2021-02-08 08:42:10 - Created tratado.csv file success! - Check in the folder lake/lotofacil/2021-02-08
DEBUG: 2021-02-08 08:42:11 - Successfully created lotofacil file!
DEBUG: 2021-02-08 08:42:11 - Reading lake/lotofacil/2021-02-08/tratado.csv file...
DEBUG: 2021-02-08 08:42:12 - Starting new HTTP connection (1): www1.caixa.gov.br:80
DEBUG: 2021-02-08 08:42:12 - http://www1.caixa.gov.br:80 "GET /loterias/_arquivos/loterias/D_quina.zip HTTP/1.1" 302 0
DEBUG: 2021-02-08 08:42:12 - Resetting dropped connection: www1.caixa.gov.br
DEBUG: 2021-02-08 08:42:12 - http://www1.caixa.gov.br:80 "GET /loterias/_arquivos/loterias/D_quina.zip HTTP/1.1" 200 None
DEBUG: 2021-02-08 08:42:13 - quina file downloaded successfully!
DEBUG: 2021-02-08 08:42:13 - quina file successfully extracted!
DEBUG: 2021-02-08 08:42:13 - quina.zip file successfully removed!
DEBUG: 2021-02-08 08:42:13 - Reading d_quina.htm file...
DEBUG: 2021-02-08 08:42:16 - Getting data d_quina file...
DEBUG: 2021-02-08 08:42:16 - Created nao_tratado.csv file success! - Check in the folder swamp/quina/2021-02-08
DEBUG: 2021-02-08 08:42:16 - Searching swamp/quina/2021-02-08/nao_tratado.csv...
DEBUG: 2021-02-08 08:42:16 - nao_tratado.csv file found!
DEBUG: 2021-02-08 08:42:16 - Getting data nao_tratado.csv...
DEBUG: 2021-02-08 08:42:16 - Created tratado.csv file success! - Check in the folder lake/quina/2021-02-08
DEBUG: 2021-02-08 08:42:16 - Successfully created quina file!
DEBUG: 2021-02-08 08:42:16 - Reading lake/quina/2021-02-08/tratado.csv file...
DEBUG: 2021-02-08 08:42:35 - Reading 40 records of the lotofacil documents!
DEBUG: 2021-02-08 08:42:48 - Reading 150 records of the lotofacil documents!
DEBUG: 2021-02-08 08:42:53 - Reading 300 records of the lotofacil documents!
ERROR: 2021-02-08 08:43:01 - Exception on /api/lotofacil [GET]
Traceback (most recent call last):
  File "/usr/local/lib/python3.7/site-packages/flask/app.py", line 1950, in full_dispatch_request
    rv = self.dispatch_request()
  File "/usr/local/lib/python3.7/site-packages/flask/app.py", line 1936, in dispatch_request
    return self.view_functions[rule.endpoint](**req.view_args)
  File "/usr/local/lib/python3.7/site-packages/flask_restplus/api.py", line 325, in wrapper
    resp = resource(*args, **kwargs)
  File "/usr/local/lib/python3.7/site-packages/flask/views.py", line 89, in view
    return self.dispatch_request(*args, **kwargs)
  File "/usr/local/lib/python3.7/site-packages/flask_restplus/resource.py", line 44, in dispatch_request
    resp = meth(*args, **kwargs)
  File "/app/api/api.py", line 37, in get
    limit = int(request.args.get('limit', limit_allowed))
ValueError: invalid literal for int() with base 10: '300?page=2'
ERROR: 2021-02-08 08:43:08 - Exception on /api/lotofacil [GET]
Traceback (most recent call last):
  File "/usr/local/lib/python3.7/site-packages/flask/app.py", line 1950, in full_dispatch_request
    rv = self.dispatch_request()
  File "/usr/local/lib/python3.7/site-packages/flask/app.py", line 1936, in dispatch_request
    return self.view_functions[rule.endpoint](**req.view_args)
  File "/usr/local/lib/python3.7/site-packages/flask_restplus/api.py", line 325, in wrapper
    resp = resource(*args, **kwargs)
  File "/usr/local/lib/python3.7/site-packages/flask/views.py", line 89, in view
    return self.dispatch_request(*args, **kwargs)
  File "/usr/local/lib/python3.7/site-packages/flask_restplus/resource.py", line 44, in dispatch_request
    resp = meth(*args, **kwargs)
  File "/app/api/api.py", line 36, in get
    page = int(request.args.get('page', 1))
ValueError: invalid literal for int() with base 10: '2?limit=300'
ERROR: 2021-02-08 08:43:12 - Exception on /api/lotofacil [GET]
Traceback (most recent call last):
  File "/usr/local/lib/python3.7/site-packages/flask/app.py", line 1950, in full_dispatch_request
    rv = self.dispatch_request()
  File "/usr/local/lib/python3.7/site-packages/flask/app.py", line 1936, in dispatch_request
    return self.view_functions[rule.endpoint](**req.view_args)
  File "/usr/local/lib/python3.7/site-packages/flask_restplus/api.py", line 325, in wrapper
    resp = resource(*args, **kwargs)
  File "/usr/local/lib/python3.7/site-packages/flask/views.py", line 89, in view
    return self.dispatch_request(*args, **kwargs)
  File "/usr/local/lib/python3.7/site-packages/flask_restplus/resource.py", line 44, in dispatch_request
    resp = meth(*args, **kwargs)
  File "/app/api/api.py", line 36, in get
    page = int(request.args.get('page', 1))
ValueError: invalid literal for int() with base 10: '2?limit=100'
ERROR: 2021-02-08 08:43:17 - Exception on /api/lotofacil [GET]
Traceback (most recent call last):
  File "/usr/local/lib/python3.7/site-packages/flask/app.py", line 1950, in full_dispatch_request
    rv = self.dispatch_request()
  File "/usr/local/lib/python3.7/site-packages/flask/app.py", line 1936, in dispatch_request
    return self.view_functions[rule.endpoint](**req.view_args)
  File "/usr/local/lib/python3.7/site-packages/flask_restplus/api.py", line 325, in wrapper
    resp = resource(*args, **kwargs)
  File "/usr/local/lib/python3.7/site-packages/flask/views.py", line 89, in view
    return self.dispatch_request(*args, **kwargs)
  File "/usr/local/lib/python3.7/site-packages/flask_restplus/resource.py", line 44, in dispatch_request
    resp = meth(*args, **kwargs)
  File "/app/api/api.py", line 36, in get
    page = int(request.args.get('page', 1))
ValueError: invalid literal for int() with base 10: '1?limit=100'
DEBUG: 2021-02-08 08:43:20 - Reading 40 records of the lotofacil documents!
DEBUG: 2021-02-08 08:43:22 - Reading 40 records of the lotofacil documents!
DEBUG: 2021-02-08 08:43:41 - Reading 40 records of the lotofacil documents!
DEBUG: 2021-02-08 08:43:46 - Reading 40 records of the lotofacil documents!
DEBUG: 2021-02-08 08:43:56 - Reading 300 records of the lotofacil documents!
DEBUG: 2021-02-08 08:44:05 - Reading 40 records of the quina documents!
DEBUG: 2021-02-08 08:44:30 - Reading 40 records of the quina documents!
DEBUG: 2021-02-08 09:00:00 - Reading 0 records of the quina documents!
DEBUG: 2021-02-08 09:00:41 - Reading 0 records of the quina documents!
DEBUG: 2021-02-08 09:00:48 - Starting new HTTP connection (1): www1.caixa.gov.br:80
DEBUG: 2021-02-08 09:00:48 - http://www1.caixa.gov.br:80 "GET /loterias/_arquivos/loterias/D_megase.zip HTTP/1.1" 302 0
DEBUG: 2021-02-08 09:00:48 - Resetting dropped connection: www1.caixa.gov.br
DEBUG: 2021-02-08 09:00:48 - http://www1.caixa.gov.br:80 "GET /loterias/_arquivos/loterias/D_megase.zip HTTP/1.1" 200 None
DEBUG: 2021-02-08 09:00:49 - megasena file downloaded successfully!
DEBUG: 2021-02-08 09:00:49 - megasena file successfully extracted!
DEBUG: 2021-02-08 09:00:49 - megasena.zip file successfully removed!
DEBUG: 2021-02-08 09:00:49 - Reading d_mega.htm file...
DEBUG: 2021-02-08 09:00:50 - Getting data d_mega file...
DEBUG: 2021-02-08 09:00:50 - Created nao_tratado.csv file success! - Check in the folder swamp/megasena/2021-02-08
DEBUG: 2021-02-08 09:00:50 - Searching swamp/megasena/2021-02-08/nao_tratado.csv...
DEBUG: 2021-02-08 09:00:50 - nao_tratado.csv file found!
DEBUG: 2021-02-08 09:00:50 - Getting data nao_tratado.csv...
DEBUG: 2021-02-08 09:00:50 - Created tratado.csv file success! - Check in the folder lake/megasena/2021-02-08
DEBUG: 2021-02-08 09:00:50 - Successfully created megasena file!
DEBUG: 2021-02-08 09:00:50 - Reading lake/megasena/2021-02-08/tratado.csv file...
DEBUG: 2021-02-08 09:00:51 - Starting new HTTP connection (1): www1.caixa.gov.br:80
DEBUG: 2021-02-08 09:00:51 - http://www1.caixa.gov.br:80 "GET /loterias/_arquivos/loterias/D_lotfac.zip HTTP/1.1" 302 0
DEBUG: 2021-02-08 09:00:51 - Resetting dropped connection: www1.caixa.gov.br
DEBUG: 2021-02-08 09:00:51 - http://www1.caixa.gov.br:80 "GET /loterias/_arquivos/loterias/D_lotfac.zip HTTP/1.1" 200 None
DEBUG: 2021-02-08 09:00:51 - lotofacil file downloaded successfully!
DEBUG: 2021-02-08 09:00:51 - lotofacil file successfully extracted!
DEBUG: 2021-02-08 09:00:51 - lotofacil.zip file successfully removed!
DEBUG: 2021-02-08 09:00:51 - Reading d_lotfac.htm file...
DEBUG: 2021-02-08 09:00:54 - Getting data d_lotfac file...
DEBUG: 2021-02-08 09:00:54 - Created nao_tratado.csv file success! - Check in the folder swamp/lotofacil/2021-02-08
DEBUG: 2021-02-08 09:00:54 - Searching swamp/lotofacil/2021-02-08/nao_tratado.csv...
DEBUG: 2021-02-08 09:00:54 - nao_tratado.csv file found!
DEBUG: 2021-02-08 09:00:54 - Getting data nao_tratado.csv...
DEBUG: 2021-02-08 09:00:54 - Created tratado.csv file success! - Check in the folder lake/lotofacil/2021-02-08
DEBUG: 2021-02-08 09:00:54 - Successfully created lotofacil file!
DEBUG: 2021-02-08 09:00:54 - Reading lake/lotofacil/2021-02-08/tratado.csv file...
DEBUG: 2021-02-08 09:00:56 - Starting new HTTP connection (1): www1.caixa.gov.br:80
DEBUG: 2021-02-08 09:00:56 - http://www1.caixa.gov.br:80 "GET /loterias/_arquivos/loterias/D_quina.zip HTTP/1.1" 302 0
DEBUG: 2021-02-08 09:00:56 - Resetting dropped connection: www1.caixa.gov.br
DEBUG: 2021-02-08 09:00:56 - http://www1.caixa.gov.br:80 "GET /loterias/_arquivos/loterias/D_quina.zip HTTP/1.1" 200 None
DEBUG: 2021-02-08 09:00:56 - quina file downloaded successfully!
DEBUG: 2021-02-08 09:00:56 - quina file successfully extracted!
DEBUG: 2021-02-08 09:00:56 - quina.zip file successfully removed!
DEBUG: 2021-02-08 09:00:56 - Reading d_quina.htm file...
DEBUG: 2021-02-08 09:00:59 - Getting data d_quina file...
DEBUG: 2021-02-08 09:00:59 - Created nao_tratado.csv file success! - Check in the folder swamp/quina/2021-02-08
DEBUG: 2021-02-08 09:00:59 - Searching swamp/quina/2021-02-08/nao_tratado.csv...
DEBUG: 2021-02-08 09:00:59 - nao_tratado.csv file found!
DEBUG: 2021-02-08 09:00:59 - Getting data nao_tratado.csv...
DEBUG: 2021-02-08 09:00:59 - Created tratado.csv file success! - Check in the folder lake/quina/2021-02-08
DEBUG: 2021-02-08 09:00:59 - Successfully created quina file!
DEBUG: 2021-02-08 09:00:59 - Reading lake/quina/2021-02-08/tratado.csv file...
DEBUG: 2021-02-08 09:01:07 - Reading 150 records of the quina documents!
DEBUG: 2021-02-08 09:01:13 - Reading 30 records of the quina documents!
DEBUG: 2021-02-08 09:01:28 - Reading 150 records of the quina documents!
DEBUG: 2021-02-08 09:01:31 - Reading 150 records of the quina documents!
DEBUG: 2021-02-08 09:01:36 - Reading 150 records of the megasena documents!
ERROR: 2021-02-08 09:13:04 - Error: database:27014: [Errno 111] Connection refused
DEBUG: 2021-02-08 09:14:44 - Reading 0 records of the megasena documents!
DEBUG: 2021-02-08 09:14:52 - Starting new HTTP connection (1): www1.caixa.gov.br:80
DEBUG: 2021-02-08 09:14:52 - http://www1.caixa.gov.br:80 "GET /loterias/_arquivos/loterias/D_megase.zip HTTP/1.1" 302 0
DEBUG: 2021-02-08 09:14:52 - Resetting dropped connection: www1.caixa.gov.br
DEBUG: 2021-02-08 09:14:52 - http://www1.caixa.gov.br:80 "GET /loterias/_arquivos/loterias/D_megase.zip HTTP/1.1" 200 None
DEBUG: 2021-02-08 09:14:52 - megasena file downloaded successfully!
DEBUG: 2021-02-08 09:14:52 - megasena file successfully extracted!
DEBUG: 2021-02-08 09:14:52 - megasena.zip file successfully removed!
DEBUG: 2021-02-08 09:14:52 - Reading d_mega.htm file...
DEBUG: 2021-02-08 09:14:53 - Getting data d_mega file...
DEBUG: 2021-02-08 09:14:54 - Created nao_tratado.csv file success! - Check in the folder swamp/megasena/2021-02-08
DEBUG: 2021-02-08 09:14:54 - Searching swamp/megasena/2021-02-08/nao_tratado.csv...
DEBUG: 2021-02-08 09:14:54 - nao_tratado.csv file found!
DEBUG: 2021-02-08 09:14:54 - Getting data nao_tratado.csv...
DEBUG: 2021-02-08 09:14:54 - Created tratado.csv file success! - Check in the folder lake/megasena/2021-02-08
DEBUG: 2021-02-08 09:14:54 - Successfully created megasena file!
DEBUG: 2021-02-08 09:14:54 - Reading lake/megasena/2021-02-08/tratado.csv file...
DEBUG: 2021-02-08 09:14:55 - Starting new HTTP connection (1): www1.caixa.gov.br:80
DEBUG: 2021-02-08 09:14:55 - http://www1.caixa.gov.br:80 "GET /loterias/_arquivos/loterias/D_lotfac.zip HTTP/1.1" 302 0
DEBUG: 2021-02-08 09:14:55 - Resetting dropped connection: www1.caixa.gov.br
DEBUG: 2021-02-08 09:14:55 - http://www1.caixa.gov.br:80 "GET /loterias/_arquivos/loterias/D_lotfac.zip HTTP/1.1" 200 None
DEBUG: 2021-02-08 09:14:55 - lotofacil file downloaded successfully!
DEBUG: 2021-02-08 09:14:55 - lotofacil file successfully extracted!
DEBUG: 2021-02-08 09:14:55 - lotofacil.zip file successfully removed!
DEBUG: 2021-02-08 09:14:55 - Reading d_lotfac.htm file...
DEBUG: 2021-02-08 09:14:57 - Getting data d_lotfac file...
DEBUG: 2021-02-08 09:14:58 - Created nao_tratado.csv file success! - Check in the folder swamp/lotofacil/2021-02-08
DEBUG: 2021-02-08 09:14:58 - Searching swamp/lotofacil/2021-02-08/nao_tratado.csv...
DEBUG: 2021-02-08 09:14:58 - nao_tratado.csv file found!
DEBUG: 2021-02-08 09:14:58 - Getting data nao_tratado.csv...
DEBUG: 2021-02-08 09:14:58 - Created tratado.csv file success! - Check in the folder lake/lotofacil/2021-02-08
DEBUG: 2021-02-08 09:14:58 - Successfully created lotofacil file!
DEBUG: 2021-02-08 09:14:58 - Reading lake/lotofacil/2021-02-08/tratado.csv file...
DEBUG: 2021-02-08 09:14:59 - Starting new HTTP connection (1): www1.caixa.gov.br:80
DEBUG: 2021-02-08 09:14:59 - http://www1.caixa.gov.br:80 "GET /loterias/_arquivos/loterias/D_quina.zip HTTP/1.1" 302 0
DEBUG: 2021-02-08 09:14:59 - Resetting dropped connection: www1.caixa.gov.br
DEBUG: 2021-02-08 09:14:59 - http://www1.caixa.gov.br:80 "GET /loterias/_arquivos/loterias/D_quina.zip HTTP/1.1" 200 None
DEBUG: 2021-02-08 09:15:00 - quina file downloaded successfully!
DEBUG: 2021-02-08 09:15:00 - quina file successfully extracted!
DEBUG: 2021-02-08 09:15:00 - quina.zip file successfully removed!
DEBUG: 2021-02-08 09:15:00 - Reading d_quina.htm file...
DEBUG: 2021-02-08 09:15:03 - Getting data d_quina file...
DEBUG: 2021-02-08 09:15:03 - Created nao_tratado.csv file success! - Check in the folder swamp/quina/2021-02-08
DEBUG: 2021-02-08 09:15:03 - Searching swamp/quina/2021-02-08/nao_tratado.csv...
DEBUG: 2021-02-08 09:15:03 - nao_tratado.csv file found!
DEBUG: 2021-02-08 09:15:03 - Getting data nao_tratado.csv...
DEBUG: 2021-02-08 09:15:03 - Created tratado.csv file success! - Check in the folder lake/quina/2021-02-08
DEBUG: 2021-02-08 09:15:03 - Successfully created quina file!
DEBUG: 2021-02-08 09:15:03 - Reading lake/quina/2021-02-08/tratado.csv file...
DEBUG: 2021-02-08 09:15:14 - Reading 150 records of the megasena documents!
DEBUG: 2021-02-08 09:15:20 - Reading 300 records of the megasena documents!
DEBUG: 2021-02-08 09:15:26 - Reading 150 records of the megasena documents!
